install completed in 0s 118ms
> hvigor UP-TO-DATE :entry:default@CangjiePreBuild...  
> hvigor Disabled :entry:default@PreBuild... 
> hvigor UP-TO-DATE :entry:default@GenerateCangjieResource...  
> hvigor Finished :entry:default@GenerateTomlDependencies... after 21 ms 
> hvigor Finished :entry:SyncCangjieResource... after 1 ms 
> hvigor BUILD SUCCESSFUL in 6 s 531 ms 
> hvigor UP-TO-DATE :entry:default@CangjiePreBuild...  
> hvigor Disabled :entry:default@PreBuild... 
> hvigor Finished :entry:default@CreateModuleInfo... after 2 ms 
> hvigor UP-TO-DATE :entry:default@GenerateMetadata...  
> hvigor Finished :entry:default@ConfigureCmake... after 1 ms 
> hvigor UP-TO-DATE :entry:default@MergeProfile...  
> hvigor UP-TO-DATE :entry:default@CreateBuildProfile...  
> hvigor Finished :entry:default@PreCheckSyscap... after 1 ms 
> hvigor UP-TO-DATE :entry:default@GeneratePkgContextInfo...  
> hvigor Finished :entry:default@ProcessIntegratedHsp... after 2 ms 
> hvigor UP-TO-DATE :entry:default@GenerateCangjieResource...  
> hvigor Finished :entry:default@BuildNativeWithCmake... after 1 ms 
> hvigor UP-TO-DATE :entry:default@MakePackInfo...  
> hvigor Finished :entry:default@SyscapTransform... after 41 ms 
> hvigor UP-TO-DATE :entry:default@ProcessProfile...  
> hvigor UP-TO-DATE :entry:default@ProcessRouterMap...  
> hvigor UP-TO-DATE :entry:default@ProcessShareConfig...  
> hvigor Finished :entry:default@ProcessStartupConfig... after 8 ms 
> hvigor Finished :entry:default@BuildNativeWithNinja... after 4 ms 
> hvigor UP-TO-DATE :entry:default@ProcessResource...  
> hvigor UP-TO-DATE :entry:default@GenerateLoaderJson...  
> hvigor UP-TO-DATE :entry:default@CompileResource...  
> hvigor Finished :entry:default@CompileArkTS... after 26 ms 
> hvigor Finished :entry:default@BuildJS... after 13 ms 
> hvigor WARN: Warning: field 'profile.build.combined' in '.\cjpm.toml' is experimental, it is unstable and has some limitations, please refer to related documentation for more details
> hvigor WARN: Warning: field 'profile.build.combined' in '.\cjpm.toml' is experimental, it is unstable and has some limitations, please refer to related documentation for more details
> hvigor Finished :entry:default@CompileCangjie... after 24 s 519 ms 
> hvigor Finished :entry:default@ProcessLibs... after 47 ms 
> hvigor Finished :entry:default@MoveCangjieLibs... after 29 ms 
> hvigor Finished :entry:default@ProcessCangjieLibs... after 8 ms 
> hvigor Finished :entry:default@DoNativeStrip... after 276 ms 
> hvigor Finished :entry:default@AfterCompileCangjie... after 12 ms 
> hvigor Finished :entry:default@CacheNativeLibs... after 15 ms 
> hvigor UP-TO-DATE :entry:default@GeneratePkgModuleJson...  
> hvigor Finished :entry:default@ProcessCompiledResources... after 2 ms 
> hvigor Finished :entry:default@PackageHap... after 140 ms 
> hvigor Finished :entry:default@PackingCheck... after 8 ms 
> hvigor Finished :entry:default@SignHap... after 3 s 415 ms 
> hvigor Finished :entry:default@CollectDebugSymbol... after 2 ms 
> hvigor Finished :entry:assembleHap... after 1 ms 
> hvigor BUILD SUCCESSFUL in 38 s 12 ms 
